# JRE version: Java(TM) SE Runtime Environment (7.0_71-b14) (build 1.7.0_71-b14)
# Java VM: Java HotSpot(TM) 64-Bit Server VM (24.71-b01 mixed mode bsd-amd64 compressed oops)
Heap
 PSYoungGen      total 233472K, used 135472K [0x00000007eaa80000, 0x00000007fb980000, 0x0000000800000000)
  eden space 207872K, 56% used [0x00000007eaa80000,0x00000007f1d9e670,0x00000007f7580000)
  from space 25600K, 68% used [0x00000007fa080000,0x00000007fb1ad9f0,0x00000007fb980000)
  to   space 34816K, 0% used [0x00000007f7580000,0x00000007f7580000,0x00000007f9780000)
 ParOldGen       total 174592K, used 86344K [0x00000007c0000000, 0x00000007caa80000, 0x00000007eaa80000)
  object space 174592K, 49% used [0x00000007c0000000,0x00000007c5452028,0x00000007caa80000)
 PSPermGen       total 105472K, used 62733K [0x00000007b0000000, 0x00000007b6700000, 0x00000007c0000000)
  object space 105472K, 59% used [0x00000007b0000000,0x00000007b3d43528,0x00000007b6700000)
GC Heap History (10 events):
Event: 22.485 GC heap before
{Heap before GC invocations=15 (full 1):
 PSYoungGen      total 263680K, used 263180K [0x00000007eaa80000, 0x00000007fef80000, 0x0000000800000000)
  eden space 251904K, 100% used [0x00000007eaa80000,0x00000007fa080000,0x00000007fa080000)
  from space 11776K, 95% used [0x00000007faa80000,0x00000007fb583290,0x00000007fb600000)
  to   space 40448K, 0% used [0x00000007fc800000,0x00000007fc800000,0x00000007fef80000)
 ParOldGen       total 174592K, used 55957K [0x00000007c0000000, 0x00000007caa80000, 0x00000007eaa80000)
  object space 174592K, 32% used [0x00000007c0000000,0x00000007c36a5718,0x00000007caa80000)
 PSPermGen       total 105472K, used 55163K [0x00000007b0000000, 0x00000007b6700000, 0x00000007c0000000)
  object space 105472K, 52% used [0x00000007b0000000,0x00000007b35def28,0x00000007b6700000)
Event: 22.496 GC heap after
Heap after GC invocations=15 (full 1):
 PSYoungGen      total 270848K, used 11455K [0x00000007eaa80000, 0x00000007fe400000, 0x0000000800000000)
  eden space 242176K, 0% used [0x00000007eaa80000,0x00000007eaa80000,0x00000007f9700000)
  from space 28672K, 39% used [0x00000007fc800000,0x00000007fd32fca8,0x00000007fe400000)
  to   space 39424K, 0% used [0x00000007f9700000,0x00000007f9700000,0x00000007fbd80000)
 ParOldGen       total 174592K, used 62592K [0x00000007c0000000, 0x00000007caa80000, 0x00000007eaa80000)
  object space 174592K, 35% used [0x00000007c0000000,0x00000007c3d20350,0x00000007caa80000)
 PSPermGen       total 105472K, used 55163K [0x00000007b0000000, 0x00000007b6700000, 0x00000007c0000000)
  object space 105472K, 52% used [0x00000007b0000000,0x00000007b35def28,0x00000007b6700000)
}
Event: 25.503 GC heap before
{Heap before GC invocations=16 (full 1):
 PSYoungGen      total 270848K, used 253631K [0x00000007eaa80000, 0x00000007fe400000, 0x0000000800000000)
  eden space 242176K, 100% used [0x00000007eaa80000,0x00000007f9700000,0x00000007f9700000)
  from space 28672K, 39% used [0x00000007fc800000,0x00000007fd32fca8,0x00000007fe400000)
  to   space 39424K, 0% used [0x00000007f9700000,0x00000007f9700000,0x00000007fbd80000)
 ParOldGen       total 174592K, used 62592K [0x00000007c0000000, 0x00000007caa80000, 0x00000007eaa80000)
  object space 174592K, 35% used [0x00000007c0000000,0x00000007c3d20350,0x00000007caa80000)
 PSPermGen       total 105472K, used 57079K [0x00000007b0000000, 0x00000007b6700000, 0x00000007c0000000)
  object space 105472K, 54% used [0x00000007b0000000,0x00000007b37bdf50,0x00000007b6700000)
Event: 25.516 GC heap after
Heap after GC invocations=16 (full 1):
 PSYoungGen      total 244224K, used 10761K [0x00000007eaa80000, 0x00000007fd900000, 0x0000000800000000)
  eden space 232960K, 0% used [0x00000007eaa80000,0x00000007eaa80000,0x00000007f8e00000)
  from space 11264K, 95% used [0x00000007f9700000,0x00000007fa182600,0x00000007fa200000)
  to   space 38400K, 0% used [0x00000007fb380000,0x00000007fb380000,0x00000007fd900000)
 ParOldGen       total 174592K, used 67360K [0x00000007c0000000, 0x00000007caa80000, 0x00000007eaa80000)
  object space 174592K, 38% used [0x00000007c0000000,0x00000007c41c8068,0x00000007caa80000)
 PSPermGen       total 105472K, used 57079K [0x00000007b0000000, 0x00000007b6700000, 0x00000007c0000000)
  object space 105472K, 54% used [0x00000007b0000000,0x00000007b37bdf50,0x00000007b6700000)
}
Event: 223.655 GC heap before
{Heap before GC invocations=17 (full 1):
 PSYoungGen      total 244224K, used 243721K [0x00000007eaa80000, 0x00000007fd900000, 0x0000000800000000)
  eden space 232960K, 100% used [0x00000007eaa80000,0x00000007f8e00000,0x00000007f8e00000)
  from space 11264K, 95% used [0x00000007f9700000,0x00000007fa182600,0x00000007fa200000)
  to   space 38400K, 0% used [0x00000007fb380000,0x00000007fb380000,0x00000007fd900000)
 ParOldGen       total 174592K, used 67360K [0x00000007c0000000, 0x00000007caa80000, 0x00000007eaa80000)
  object space 174592K, 38% used [0x00000007c0000000,0x00000007c41c8068,0x00000007caa80000)
 PSPermGen       total 105472K, used 61504K [0x00000007b0000000, 0x00000007b6700000, 0x00000007c0000000)
  object space 105472K, 58% used [0x00000007b0000000,0x00000007b3c10140,0x00000007b6700000)
Event: 223.673 GC heap after
Heap after GC invocations=17 (full 1):
 PSYoungGen      total 250880K, used 12232K [0x00000007eaa80000, 0x00000007fcd80000, 0x0000000800000000)
  eden space 224256K, 0% used [0x00000007eaa80000,0x00000007eaa80000,0x00000007f8580000)
  from space 26624K, 45% used [0x00000007fb380000,0x00000007fbf72128,0x00000007fcd80000)
  to   space 36864K, 0% used [0x00000007f8580000,0x00000007f8580000,0x00000007fa980000)
 ParOldGen       total 174592K, used 74328K [0x00000007c0000000, 0x00000007caa80000, 0x00000007eaa80000)
  object space 174592K, 42% used [0x00000007c0000000,0x00000007c48960a0,0x00000007caa80000)
 PSPermGen       total 105472K, used 61504K [0x00000007b0000000, 0x00000007b6700000, 0x00000007c0000000)
  object space 105472K, 58% used [0x00000007b0000000,0x00000007b3c10140,0x00000007b6700000)
}
Event: 224.684 GC heap before
{Heap before GC invocations=18 (full 1):
 PSYoungGen      total 250880K, used 236488K [0x00000007eaa80000, 0x00000007fcd80000, 0x0000000800000000)
  eden space 224256K, 100% used [0x00000007eaa80000,0x00000007f8580000,0x00000007f8580000)
  from space 26624K, 45% used [0x00000007fb380000,0x00000007fbf72128,0x00000007fcd80000)
  to   space 36864K, 0% used [0x00000007f8580000,0x00000007f8580000,0x00000007fa980000)
 ParOldGen       total 174592K, used 74328K [0x00000007c0000000, 0x00000007caa80000, 0x00000007eaa80000)
  object space 174592K, 42% used [0x00000007c0000000,0x00000007c48960a0,0x00000007caa80000)
 PSPermGen       total 105472K, used 61527K [0x00000007b0000000, 0x00000007b6700000, 0x00000007c0000000)
  object space 105472K, 58% used [0x00000007b0000000,0x00000007b3c15fc8,0x00000007b6700000)
Event: 224.695 GC heap after
Heap after GC invocations=18 (full 1):
 PSYoungGen      total 225792K, used 9254K [0x00000007eaa80000, 0x00000007fc380000, 0x0000000800000000)
  eden space 216064K, 0% used [0x00000007eaa80000,0x00000007eaa80000,0x00000007f7d80000)
  from space 9728K, 95% used [0x00000007f8580000,0x00000007f8e89a40,0x00000007f8f00000)
  to   space 35840K, 0% used [0x00000007fa080000,0x00000007fa080000,0x00000007fc380000)
 ParOldGen       total 174592K, used 82216K [0x00000007c0000000, 0x00000007caa80000, 0x00000007eaa80000)
  object space 174592K, 47% used [0x00000007c0000000,0x00000007c504a0c0,0x00000007caa80000)
 PSPermGen       total 105472K, used 61527K [0x00000007b0000000, 0x00000007b6700000, 0x00000007c0000000)
  object space 105472K, 58% used [0x00000007b0000000,0x00000007b3c15fc8,0x00000007b6700000)
}
Event: 225.940 GC heap before
{Heap before GC invocations=19 (full 1):
 PSYoungGen      total 225792K, used 225318K [0x00000007eaa80000, 0x00000007fc380000, 0x0000000800000000)
  eden space 216064K, 100% used [0x00000007eaa80000,0x00000007f7d80000,0x00000007f7d80000)
  from space 9728K, 95% used [0x00000007f8580000,0x00000007f8e89a40,0x00000007f8f00000)
  to   space 35840K, 0% used [0x00000007fa080000,0x00000007fa080000,0x00000007fc380000)
 ParOldGen       total 174592K, used 82216K [0x00000007c0000000, 0x00000007caa80000, 0x00000007eaa80000)
  object space 174592K, 47% used [0x00000007c0000000,0x00000007c504a0c0,0x00000007caa80000)
 PSPermGen       total 105472K, used 61872K [0x00000007b0000000, 0x00000007b6700000, 0x00000007c0000000)
  object space 105472K, 58% used [0x00000007b0000000,0x00000007b3c6c320,0x00000007b6700000)
Event: 225.955 GC heap after
Heap after GC invocations=19 (full 1):
 PSYoungGen      total 233472K, used 17590K [0x00000007eaa80000, 0x00000007fb980000, 0x0000000800000000)
  eden space 207872K, 0% used [0x00000007eaa80000,0x00000007eaa80000,0x00000007f7580000)
  from space 25600K, 68% used [0x00000007fa080000,0x00000007fb1ad9f0,0x00000007fb980000)
  to   space 34816K, 0% used [0x00000007f7580000,0x00000007f7580000,0x00000007f9780000)
 ParOldGen       total 174592K, used 86344K [0x00000007c0000000, 0x00000007caa80000, 0x00000007eaa80000)
  object space 174592K, 49% used [0x00000007c0000000,0x00000007c5452028,0x00000007caa80000)
 PSPermGen       total 105472K, used 61872K [0x00000007b0000000, 0x00000007b6700000, 0x00000007c0000000)
  object space 105472K, 58% used [0x00000007b0000000,0x00000007b3c6c320,0x00000007b6700000)
}

