# JRE version: Java(TM) SE Runtime Environment (7.0_71-b14) (build 1.7.0_71-b14)
# Java VM: Java HotSpot(TM) 64-Bit Server VM (24.71-b01 mixed mode bsd-amd64 compressed oops)
Heap
 PSYoungGen      total 210944K, used 128733K [0x00000007eaa80000, 0x00000007f9e00000, 0x0000000800000000)
  eden space 194560K, 57% used [0x00000007eaa80000,0x00000007f18a7ac0,0x00000007f6880000)
  from space 16384K, 97% used [0x00000007f8e00000,0x00000007f9d8fb00,0x00000007f9e00000)
  to   space 19456K, 0% used [0x00000007f7800000,0x00000007f7800000,0x00000007f8b00000)
 ParOldGen       total 174592K, used 100860K [0x00000007c0000000, 0x00000007caa80000, 0x00000007eaa80000)
  object space 174592K, 57% used [0x00000007c0000000,0x00000007c627f128,0x00000007caa80000)
 PSPermGen       total 104960K, used 71379K [0x00000007b0000000, 0x00000007b6680000, 0x00000007c0000000)
  object space 104960K, 68% used [0x00000007b0000000,0x00000007b45b4ef8,0x00000007b6680000)
GC Heap History (10 events):
Event: 3268.011 GC heap before
{Heap before GC invocations=76 (full 8):
 PSYoungGen      total 245248K, used 235008K [0x00000007eaa80000, 0x00000007fb400000, 0x0000000800000000)
  eden space 235008K, 100% used [0x00000007eaa80000,0x00000007f9000000,0x00000007f9000000)
  from space 10240K, 0% used [0x00000007f9d00000,0x00000007f9d00000,0x00000007fa700000)
  to   space 13312K, 0% used [0x00000007fa700000,0x00000007fa700000,0x00000007fb400000)
 ParOldGen       total 174592K, used 77934K [0x00000007c0000000, 0x00000007caa80000, 0x00000007eaa80000)
  object space 174592K, 44% used [0x00000007c0000000,0x00000007c4c1b968,0x00000007caa80000)
 PSPermGen       total 104960K, used 70759K [0x00000007b0000000, 0x00000007b6680000, 0x00000007c0000000)
  object space 104960K, 67% used [0x00000007b0000000,0x00000007b4519d40,0x00000007b6680000)
Event: 3268.018 GC heap after
Heap after GC invocations=76 (full 8):
 PSYoungGen      total 236544K, used 9990K [0x00000007eaa80000, 0x00000007fb100000, 0x0000000800000000)
  eden space 226304K, 0% used [0x00000007eaa80000,0x00000007eaa80000,0x00000007f8780000)
  from space 10240K, 97% used [0x00000007fa700000,0x00000007fb0c1950,0x00000007fb100000)
  to   space 15872K, 0% used [0x00000007f9200000,0x00000007f9200000,0x00000007fa180000)
 ParOldGen       total 174592K, used 77934K [0x00000007c0000000, 0x00000007caa80000, 0x00000007eaa80000)
  object space 174592K, 44% used [0x00000007c0000000,0x00000007c4c1b968,0x00000007caa80000)
 PSPermGen       total 104960K, used 70759K [0x00000007b0000000, 0x00000007b6680000, 0x00000007c0000000)
  object space 104960K, 67% used [0x00000007b0000000,0x00000007b4519d40,0x00000007b6680000)
}
Event: 3268.878 GC heap before
{Heap before GC invocations=77 (full 8):
 PSYoungGen      total 236544K, used 236294K [0x00000007eaa80000, 0x00000007fb100000, 0x0000000800000000)
  eden space 226304K, 100% used [0x00000007eaa80000,0x00000007f8780000,0x00000007f8780000)
  from space 10240K, 97% used [0x00000007fa700000,0x00000007fb0c1950,0x00000007fb100000)
  to   space 15872K, 0% used [0x00000007f9200000,0x00000007f9200000,0x00000007fa180000)
 ParOldGen       total 174592K, used 77934K [0x00000007c0000000, 0x00000007caa80000, 0x00000007eaa80000)
  object space 174592K, 44% used [0x00000007c0000000,0x00000007c4c1b968,0x00000007caa80000)
 PSPermGen       total 104960K, used 70765K [0x00000007b0000000, 0x00000007b6680000, 0x00000007c0000000)
  object space 104960K, 67% used [0x00000007b0000000,0x00000007b451b620,0x00000007b6680000)
Event: 3268.889 GC heap after
Heap after GC invocations=77 (full 8):
 PSYoungGen      total 231424K, used 13478K [0x00000007eaa80000, 0x00000007fa780000, 0x0000000800000000)
  eden space 217600K, 0% used [0x00000007eaa80000,0x00000007eaa80000,0x00000007f7f00000)
  from space 13824K, 97% used [0x00000007f9200000,0x00000007f9f29a48,0x00000007f9f80000)
  to   space 8192K, 0% used [0x00000007f9f80000,0x00000007f9f80000,0x00000007fa780000)
 ParOldGen       total 174592K, used 79626K [0x00000007c0000000, 0x00000007caa80000, 0x00000007eaa80000)
  object space 174592K, 45% used [0x00000007c0000000,0x00000007c4dc29a8,0x00000007caa80000)
 PSPermGen       total 104960K, used 70765K [0x00000007b0000000, 0x00000007b6680000, 0x00000007c0000000)
  object space 104960K, 67% used [0x00000007b0000000,0x00000007b451b620,0x00000007b6680000)
}
Event: 3277.584 GC heap before
{Heap before GC invocations=78 (full 8):
 PSYoungGen      total 231424K, used 231078K [0x00000007eaa80000, 0x00000007fa780000, 0x0000000800000000)
  eden space 217600K, 100% used [0x00000007eaa80000,0x00000007f7f00000,0x00000007f7f00000)
  from space 13824K, 97% used [0x00000007f9200000,0x00000007f9f29a48,0x00000007f9f80000)
  to   space 8192K, 0% used [0x00000007f9f80000,0x00000007f9f80000,0x00000007fa780000)
 ParOldGen       total 174592K, used 79626K [0x00000007c0000000, 0x00000007caa80000, 0x00000007eaa80000)
  object space 174592K, 45% used [0x00000007c0000000,0x00000007c4dc29a8,0x00000007caa80000)
 PSPermGen       total 104960K, used 70834K [0x00000007b0000000, 0x00000007b6680000, 0x00000007c0000000)
  object space 104960K, 67% used [0x00000007b0000000,0x00000007b452caa0,0x00000007b6680000)
Event: 3277.595 GC heap after
Heap after GC invocations=78 (full 8):
 PSYoungGen      total 217600K, used 8187K [0x00000007eaa80000, 0x00000007fa780000, 0x0000000800000000)
  eden space 209408K, 0% used [0x00000007eaa80000,0x00000007eaa80000,0x00000007f7700000)
  from space 8192K, 99% used [0x00000007f9f80000,0x00000007fa77ef48,0x00000007fa780000)
  to   space 18944K, 0% used [0x00000007f8280000,0x00000007f8280000,0x00000007f9500000)
 ParOldGen       total 174592K, used 89100K [0x00000007c0000000, 0x00000007caa80000, 0x00000007eaa80000)
  object space 174592K, 51% used [0x00000007c0000000,0x00000007c5703028,0x00000007caa80000)
 PSPermGen       total 104960K, used 70834K [0x00000007b0000000, 0x00000007b6680000, 0x00000007c0000000)
  object space 104960K, 67% used [0x00000007b0000000,0x00000007b452caa0,0x00000007b6680000)
}
Event: 3278.490 GC heap before
{Heap before GC invocations=79 (full 8):
 PSYoungGen      total 217600K, used 217595K [0x00000007eaa80000, 0x00000007fa780000, 0x0000000800000000)
  eden space 209408K, 100% used [0x00000007eaa80000,0x00000007f7700000,0x00000007f7700000)
  from space 8192K, 99% used [0x00000007f9f80000,0x00000007fa77ef48,0x00000007fa780000)
  to   space 18944K, 0% used [0x00000007f8280000,0x00000007f8280000,0x00000007f9500000)
 ParOldGen       total 174592K, used 89100K [0x00000007c0000000, 0x00000007caa80000, 0x00000007eaa80000)
  object space 174592K, 51% used [0x00000007c0000000,0x00000007c5703028,0x00000007caa80000)
 PSPermGen       total 104960K, used 70835K [0x00000007b0000000, 0x00000007b6680000, 0x00000007c0000000)
  object space 104960K, 67% used [0x00000007b0000000,0x00000007b452ceb0,0x00000007b6680000)
Event: 3278.503 GC heap after
Heap after GC invocations=79 (full 8):
 PSYoungGen      total 211456K, used 9220K [0x00000007eaa80000, 0x00000007fa000000, 0x0000000800000000)
  eden space 201728K, 0% used [0x00000007eaa80000,0x00000007eaa80000,0x00000007f6f80000)
  from space 9728K, 94% used [0x00000007f8280000,0x00000007f8b812b0,0x00000007f8c00000)
  to   space 18432K, 0% used [0x00000007f8e00000,0x00000007f8e00000,0x00000007fa000000)
 ParOldGen       total 174592K, used 96748K [0x00000007c0000000, 0x00000007caa80000, 0x00000007eaa80000)
  object space 174592K, 55% used [0x00000007c0000000,0x00000007c5e7b1c0,0x00000007caa80000)
 PSPermGen       total 104960K, used 70835K [0x00000007b0000000, 0x00000007b6680000, 0x00000007c0000000)
  object space 104960K, 67% used [0x00000007b0000000,0x00000007b452ceb0,0x00000007b6680000)
}
Event: 3279.580 GC heap before
{Heap before GC invocations=80 (full 8):
 PSYoungGen      total 211456K, used 210948K [0x00000007eaa80000, 0x00000007fa000000, 0x0000000800000000)
  eden space 201728K, 100% used [0x00000007eaa80000,0x00000007f6f80000,0x00000007f6f80000)
  from space 9728K, 94% used [0x00000007f8280000,0x00000007f8b812b0,0x00000007f8c00000)
  to   space 18432K, 0% used [0x00000007f8e00000,0x00000007f8e00000,0x00000007fa000000)
 ParOldGen       total 174592K, used 96748K [0x00000007c0000000, 0x00000007caa80000, 0x00000007eaa80000)
  object space 174592K, 55% used [0x00000007c0000000,0x00000007c5e7b1c0,0x00000007caa80000)
 PSPermGen       total 104960K, used 70864K [0x00000007b0000000, 0x00000007b6680000, 0x00000007c0000000)
  object space 104960K, 67% used [0x00000007b0000000,0x00000007b4534100,0x00000007b6680000)
Event: 3279.593 GC heap after
Heap after GC invocations=80 (full 8):
 PSYoungGen      total 210944K, used 15934K [0x00000007eaa80000, 0x00000007f9e00000, 0x0000000800000000)
  eden space 194560K, 0% used [0x00000007eaa80000,0x00000007eaa80000,0x00000007f6880000)
  from space 16384K, 97% used [0x00000007f8e00000,0x00000007f9d8fb00,0x00000007f9e00000)
  to   space 19456K, 0% used [0x00000007f7800000,0x00000007f7800000,0x00000007f8b00000)
 ParOldGen       total 174592K, used 100860K [0x00000007c0000000, 0x00000007caa80000, 0x00000007eaa80000)
  object space 174592K, 57% used [0x00000007c0000000,0x00000007c627f128,0x00000007caa80000)
 PSPermGen       total 104960K, used 70864K [0x00000007b0000000, 0x00000007b6680000, 0x00000007c0000000)
  object space 104960K, 67% used [0x00000007b0000000,0x00000007b4534100,0x00000007b6680000)
}

